2018-11-25 13:04:07,757 [INFO ]  Log file is /workspace/exp/sgd/finetune_ic15_20181125_130407.log
2018-11-25 13:04:07,757 [INFO ]  Parameters:
'--sampling_overlap_mode': coverage
'--image_channel_order': BGR
'--max_num_gt': 300
'--test_resize_method': fixed
'--resize_longer_side': 512
'--resize_step': 128
'--image_height': 512
'--image_width': 512
'--pos_scale_diff_threshold': 1.7
'--neg_scale_diff_threshold': 2.0
'--log_dir': /workspace/exp/sgd
'--log_prefix': finetune_ic15_
'--resume': vgg16
'--vgg16_model': ../premodel/ILVSR_VGG_16_FC_REDUCED/VGG_ILSVRC_16_layers_ssd.ckpt
'--finetune_model': ../premodel/ILVSR_VGG_16_FC_REDUCED/VGG_ILSVRC_16_layers_ssd.ckpt
'--train_datasets': ../data/icdar_2015_incidental_train.tf
'--weight_init_method': xavier
'--train_batch_size': 8
'--n_gpu': 1
'--hard_neg_ratio': 3.0
'--no_random_crop': 0
'--optimizer': sgd
'--base_lr': 0.0001
'--momentum': 0.9
'--weight_decay': 0.0005
'--max_steps': 10000
'--lr_policy': staircase
'--lr_breakpoints': 2000,4000,6000
'--lr_decays': 1.0,0.1,0.01
'--profiling': 0
'--profiling_step': 21
'--profiling_report': timeline.json
'--brief_summary_period': 20
'--detailed_summary_period': 200
'--checkpoint_period': 1000
2018-11-25 13:04:07,764 [INFO ]  Git commit is b'd8edb9e'
2018-11-25 13:04:07,770 [INFO ]  Uncommitted chanages:
b'diff --git a/exp/sgd/finetune_ic15.json b/exp/sgd/finetune_ic15.json\nindex 3f89924..c752dd8 100644\n--- a/exp/sgd/finetune_ic15.json\n+++ b/exp/sgd/finetune_ic15.json\n@@ -1,12 +1,12 @@\n {\n-  "cuda_devices": "2,3",\n   "log_prefix": "finetune_ic15_",\n-  "resume": "finetune",\n-  "finetune_model": "../exp/sgd/checkpoint",\n+  "resume": "vgg16",\n+  "finetune_model": "../premodel/ILVSR_VGG_16_FC_REDUCED/VGG_ILSVRC_16_layers_ssd.ckpt",\n+  "vgg16_model": "../premodel/ILVSR_VGG_16_FC_REDUCED/VGG_ILSVRC_16_layers_ssd.ckpt",\n   "train_datasets": "../data/icdar_2015_incidental_train.tf",\n   "image_height": 512,\n   "image_width": 512,\n-  "train_batch_size": 32,\n+  "train_batch_size": 8,\n   "n_data_threads": 8,\n   "max_steps": 10000,\n   "optimizer": "sgd",\n'
2018-11-25 13:04:07,771 [INFO ]  Anchor sizes: [11.84210526, 23.68421053, 45.0, 90.0, 150.0, 285.0]
2018-11-25 13:04:07,807 [INFO ]  Added training dataset #0: ../data/icdar_2015_incidental_train.tf
2018-11-25 13:04:08,054 [INFO ]  Batch size 8; capacity: 400; min_after_dequeue: 24
2018-11-25 13:04:08,054 [INFO ]  Batch size is 8 on each of the 1 GPUs
2018-11-25 13:04:08,072 [INFO ]  Using SGD optimizer. Momentum=0.9
2018-11-25 13:04:08,073 [INFO ]  Setting up tower 0
2018-11-25 13:04:10,729 [WARNI]  From solver.py:182: all_variables (from tensorflow.python.ops.variables) is deprecated and will be removed after 2017-03-02.
Instructions for updating:
Please use tf.global_variables instead.
2018-11-25 13:04:12,450 [INFO ]  Initializing model
2018-11-25 13:04:13,810 [INFO ]  VGG16 parameters loaded from ../premodel/ILVSR_VGG_16_FC_REDUCED/VGG_ILSVRC_16_layers_ssd.ckpt
2018-11-25 13:04:13,812 [INFO ]  Training loop started
2018-11-25 13:26:36,212 [INFO ]  Checkpoint saved to /workspace/exp/sgd/checkpoint
2018-11-25 13:46:36,082 [INFO ]  Checkpoint saved to /workspace/exp/sgd/checkpoint
2018-11-25 14:06:34,995 [INFO ]  Checkpoint saved to /workspace/exp/sgd/checkpoint
2018-11-25 14:26:45,439 [INFO ]  Checkpoint saved to /workspace/exp/sgd/checkpoint
2018-11-25 14:47:05,791 [INFO ]  Checkpoint saved to /workspace/exp/sgd/checkpoint
2018-11-25 15:07:04,960 [INFO ]  Checkpoint saved to /workspace/exp/sgd/checkpoint
2018-11-25 15:27:15,367 [INFO ]  Checkpoint saved to /workspace/exp/sgd/checkpoint
2018-11-25 15:47:53,061 [INFO ]  Checkpoint saved to /workspace/exp/sgd/checkpoint
2018-11-25 16:08:25,980 [INFO ]  Checkpoint saved to /workspace/exp/sgd/checkpoint
2018-11-25 16:28:27,068 [INFO ]  Training loop ended
2018-11-25 16:28:28,905 [INFO ]  Checkpoint saved to /workspace/exp/sgd/checkpoint
